<?xml version="1.0" encoding="UTF-8"?>
<testng-results ignored="0" total="1" passed="1" failed="0" skipped="0">
  <reporter-output>
  </reporter-output>
  <suite started-at="2021-11-11T14:07:19 IST" name="Default suite" finished-at="2021-11-11T14:07:19 IST" duration-ms="105">
    <groups>
    </groups>
    <test started-at="2021-11-11T14:07:19 IST" name="Default test" finished-at="2021-11-11T14:07:19 IST" duration-ms="105">
      <class name="com.gitHubProject.Demo4Test">
        <test-method signature="demo4test()[pri:0, instance:com.gitHubProject.Demo4Test@4f67eb2a]" started-at="2021-11-11T14:07:19 IST" name="demo4test" finished-at="2021-11-11T14:07:19 IST" duration-ms="14" status="PASS">
          <reporter-output>
          </reporter-output>
        </test-method> <!-- demo4test -->
      </class> <!-- com.gitHubProject.Demo4Test -->
    </test> <!-- Default test -->
  </suite> <!-- Default suite -->
</testng-results>
