<?xml version="1.0" encoding="UTF-8"?>
<testng-results ignored="0" total="1" passed="1" failed="0" skipped="0">
  <reporter-output>
  </reporter-output>
  <suite started-at="2021-11-11T13:29:55 IST" name="Default suite" finished-at="2021-11-11T13:29:55 IST" duration-ms="179">
    <groups>
    </groups>
    <test started-at="2021-11-11T13:29:55 IST" name="Default test" finished-at="2021-11-11T13:29:55 IST" duration-ms="179">
      <class name="com.gitHubProject.Demo2Test">
        <test-method signature="demo2Test()[pri:0, instance:com.gitHubProject.Demo2Test@6f27a732]" started-at="2021-11-11T13:29:55 IST" name="demo2Test" finished-at="2021-11-11T13:29:55 IST" duration-ms="25" status="PASS">
          <reporter-output>
          </reporter-output>
        </test-method> <!-- demo2Test -->
      </class> <!-- com.gitHubProject.Demo2Test -->
    </test> <!-- Default test -->
  </suite> <!-- Default suite -->
</testng-results>
